<?xml version="1.0" encoding="UTF-8"?>
<testsuite xmlns:xsi="http://www.w3.org/2001/XMLSchema-instance" xsi:noNamespaceSchemaLocation="https://maven.apache.org/surefire/maven-surefire-plugin/xsd/surefire-test-report-3.0.xsd" version="3.0" name="TestSuite" time="27.739" tests="9" errors="0" skipped="0" failures="1">
  <properties>
[...]
</properties>
  <testcase name="SeleniumCommands" classname="com.techlistic.tests.PracticeForm" time="0.225">
    <system-out><![CDATA[For Key first name value is Raj
For Key last name value is Test
For Key Gender value is Male
For Key Years of Experience value is 4
For Key Date value is 10/4/88
For Key Profession value is Manual Tester
For Key Automation tools value is Selenium IDE
For Key Continents value is Africa
For Key Selenium Commands value is Wait Commands , WebElement Commands
]]></system-out>
    <system-err><![CDATA[SLF4J: Failed to load class "org.slf4j.impl.StaticLoggerBinder".
SLF4J: Defaulting to no-operation (NOP) logger implementation
SLF4J: See http://www.slf4j.org/codes.html#StaticLoggerBinder for further details.
ERROR StatusLogger Log4j2 could not find a logging implementation. Please add log4j-core to the classpath. Using SimpleLogger to log to the console...
Starting ChromeDriver 99.0.4844.51 (d537ec02474b5afe23684e7963d538896c63ac77-refs/branch-heads/4844@{#875}) on port 61740
Only local connections are allowed.
Please see https://chromedriver.chromium.org/security-considerations for suggestions on keeping ChromeDriver safe.
ChromeDriver was started successfully.
Mar 19, 2022 2:24:22 PM org.openqa.selenium.remote.ProtocolHandshake createSession
INFO: Detected dialect: W3C
Mar 19, 2022 2:24:22 PM org.openqa.selenium.devtools.CdpVersionFinder findNearestMatch
WARNING: Unable to find an exact match for CDP version 99, so returning the closest version found: 97
Mar 19, 2022 2:24:22 PM org.openqa.selenium.devtools.CdpVersionFinder findNearestMatch
INFO: Found CDP implementation for version 99 of 97
]]></system-err>
  </testcase>
  <testcase name="UploadImage" classname="com.techlistic.tests.PracticeForm" time="0.078">
    <failure message="invalid argument&#10;  (Session info: chrome=99.0.4844.74)&#10;Build info: version: &apos;4.1.2&apos;, revision: &apos;9a5a329c5a&apos;&#10;System info: host: &apos;DESKTOP-DKAMDAI&apos;, ip: &apos;192.168.0.48&apos;, os.name: &apos;Windows 10&apos;, os.arch: &apos;amd64&apos;, os.version: &apos;10.0&apos;, java.version: &apos;11.0.9&apos;&#10;Driver info: org.openqa.selenium.chrome.ChromeDriver&#10;Command: [9cc4d9c569bbd6f3c7f656bfad610c5c, clickElement {id=c76d0d6c-6973-4672-a24b-20796a7446b2}]&#10;Capabilities {acceptInsecureCerts: false, browserName: chrome, browserVersion: 99.0.4844.74, chrome: {chromedriverVersion: 99.0.4844.51 (d537ec02474b5..., userDataDir: C:\Users\PCP\AppData\Local\...}, goog:chromeOptions: {debuggerAddress: localhost:53044}, javascriptEnabled: true, networkConnectionEnabled: false, pageLoadStrategy: normal, platform: WINDOWS, platformName: WINDOWS, proxy: Proxy(), se:cdp: ws://localhost:53044/devtoo..., se:cdpVersion: 99.0.4844.74, setWindowRect: true, strictFileInteractability: false, timeouts: {implicit: 0, pageLoad: 300000, script: 30000}, unhandledPromptBehavior: dismiss and notify, webauthn:extension:credBlob: true, webauthn:extension:largeBlob: true, webauthn:virtualAuthenticators: true}&#10;Element: [[ChromeDriver: chrome on WINDOWS (9cc4d9c569bbd6f3c7f656bfad610c5c)] -&gt; css selector: input[class=&apos;input-file&apos;]]&#10;Session ID: 9cc4d9c569bbd6f3c7f656bfad610c5c" type="org.openqa.selenium.InvalidArgumentException"><![CDATA[org.openqa.selenium.InvalidArgumentException: 
invalid argument
  (Session info: chrome=99.0.4844.74)
Build info: version: '4.1.2', revision: '9a5a329c5a'
System info: host: 'DESKTOP-DKAMDAI', ip: '192.168.0.48', os.name: 'Windows 10', os.arch: 'amd64', os.version: '10.0', java.version: '11.0.9'
Driver info: org.openqa.selenium.chrome.ChromeDriver
Command: [9cc4d9c569bbd6f3c7f656bfad610c5c, clickElement {id=c76d0d6c-6973-4672-a24b-20796a7446b2}]
Capabilities {acceptInsecureCerts: false, browserName: chrome, browserVersion: 99.0.4844.74, chrome: {chromedriverVersion: 99.0.4844.51 (d537ec02474b5..., userDataDir: C:\Users\PCP\AppData\Local\...}, goog:chromeOptions: {debuggerAddress: localhost:53044}, javascriptEnabled: true, networkConnectionEnabled: false, pageLoadStrategy: normal, platform: WINDOWS, platformName: WINDOWS, proxy: Proxy(), se:cdp: ws://localhost:53044/devtoo..., se:cdpVersion: 99.0.4844.74, setWindowRect: true, strictFileInteractability: false, timeouts: {implicit: 0, pageLoad: 300000, script: 30000}, unhandledPromptBehavior: dismiss and notify, webauthn:extension:credBlob: true, webauthn:extension:largeBlob: true, webauthn:virtualAuthenticators: true}
Element: [[ChromeDriver: chrome on WINDOWS (9cc4d9c569bbd6f3c7f656bfad610c5c)] -> css selector: input[class='input-file']]
Session ID: 9cc4d9c569bbd6f3c7f656bfad610c5c
	at com.techlistic.tests.PracticeForm.UploadImage(PracticeForm.java:88)
]]></failure>
  </testcase>
  <testcase name="selectContinents" classname="com.techlistic.tests.PracticeForm" time="0.085"/>
  <testcase name="enterName" classname="com.techlistic.tests.PracticeForm" time="0.919"/>
  <testcase name="selectGender" classname="com.techlistic.tests.PracticeForm" time="0.106">
    <system-out><![CDATA[Malefrom list & expected elementMale
]]></system-out>
  </testcase>
  <testcase name="yearOfExperiece" classname="com.techlistic.tests.PracticeForm" time="0.194">
    <system-out><![CDATA[1from list & expected element4
2from list & expected element4
3from list & expected element4
4from list & expected element4
]]></system-out>
  </testcase>
  <testcase name="selectProfession" classname="com.techlistic.tests.PracticeForm" time="0.127">
    <system-out><![CDATA[Manual Testerfrom list & expected elementManual Tester
]]></system-out>
  </testcase>
  <testcase name="selectAutomationTools" classname="com.techlistic.tests.PracticeForm" time="0.133">
    <system-out><![CDATA[QTPfrom list & expected elementSelenium IDE
Selenium IDEfrom list & expected elementSelenium IDE
]]></system-out>
  </testcase>
  <testcase name="enterDate" classname="com.techlistic.tests.PracticeForm" time="0.128"/>
</testsuite>