<?xml version="1.0" encoding="UTF-8"?>
<!-- Generated by org.testng.reporters.JUnitXMLReporter -->
<testsuite ignored="8" hostname="DESKTOP-DKAMDAI" failures="0" tests="1" name="Smoke Run PracticeForm" time="10.655" errors="0" timestamp="2022-03-19T14:23:56 IST">
  <testcase classname="com.techlistic.tests.PracticeForm" name="enterName" time="0.161"/>
  <testcase classname="com.techlistic.tests.PracticeForm" name="yearOfExperiece" time="0.0">
    <ignored/>
  </testcase> <!-- yearOfExperiece -->
  <testcase classname="com.techlistic.tests.PracticeForm" name="selectAutomationTools" time="0.0">
    <ignored/>
  </testcase> <!-- selectAutomationTools -->
  <testcase classname="com.techlistic.tests.PracticeForm" name="selectProfession" time="0.0">
    <ignored/>
  </testcase> <!-- selectProfession -->
  <testcase classname="com.techlistic.tests.PracticeForm" name="UploadImage" time="0.0">
    <ignored/>
  </testcase> <!-- UploadImage -->
  <testcase classname="com.techlistic.tests.PracticeForm" name="selectGender" time="0.0">
    <ignored/>
  </testcase> <!-- selectGender -->
  <testcase classname="com.techlistic.tests.PracticeForm" name="enterDate" time="0.0">
    <ignored/>
  </testcase> <!-- enterDate -->
  <testcase classname="com.techlistic.tests.PracticeForm" name="selectContinents" time="0.0">
    <ignored/>
  </testcase> <!-- selectContinents -->
  <testcase classname="com.techlistic.tests.PracticeForm" name="SeleniumCommands" time="0.0">
    <ignored/>
  </testcase> <!-- SeleniumCommands -->
</testsuite> <!-- Smoke Run PracticeForm -->
